Determining if the pthread_create exist failed with the following output:
Change Dir: /home/joshua/cogimon-meeting/workspace_cogimon/kdl_parser/build/CMakeFiles/CMakeTmp

Run Build Command:"/usr/bin/make" "cmTC_0fcbb/fast"
/usr/bin/make -f CMakeFiles/cmTC_0fcbb.dir/build.make CMakeFiles/cmTC_0fcbb.dir/build
make[1]: Entering directory `/home/joshua/cogimon-meeting/workspace_cogimon/kdl_parser/build/CMakeFiles/CMakeTmp'
Building C object CMakeFiles/cmTC_0fcbb.dir/CheckSymbolExists.c.o
/usr/bin/cc     -o CMakeFiles/cmTC_0fcbb.dir/CheckSymbolExists.c.o   -c /home/joshua/cogimon-meeting/workspace_cogimon/kdl_parser/build/CMakeFiles/CMakeTmp/CheckSymbolExists.c
Linking C executable cmTC_0fcbb
/usr/local/bin/cmake -E cmake_link_script CMakeFiles/cmTC_0fcbb.dir/link.txt --verbose=1
/usr/bin/cc       CMakeFiles/cmTC_0fcbb.dir/CheckSymbolExists.c.o  -o cmTC_0fcbb -rdynamic 
CMakeFiles/cmTC_0fcbb.dir/CheckSymbolExists.c.o: In function `main':
CheckSymbolExists.c:(.text+0x16): undefined reference to `pthread_create'
collect2: error: ld returned 1 exit status
make[1]: *** [cmTC_0fcbb] Error 1
make[1]: Leaving directory `/home/joshua/cogimon-meeting/workspace_cogimon/kdl_parser/build/CMakeFiles/CMakeTmp'
make: *** [cmTC_0fcbb/fast] Error 2

File /home/joshua/cogimon-meeting/workspace_cogimon/kdl_parser/build/CMakeFiles/CMakeTmp/CheckSymbolExists.c:
/* */
#include <pthread.h>

int main(int argc, char** argv)
{
  (void)argv;
#ifndef pthread_create
  return ((int*)(&pthread_create))[argc];
#else
  (void)argc;
  return 0;
#endif
}

Determining if the function pthread_create exists in the pthreads failed with the following output:
Change Dir: /home/joshua/cogimon-meeting/workspace_cogimon/kdl_parser/build/CMakeFiles/CMakeTmp

Run Build Command:"/usr/bin/make" "cmTC_f61b0/fast"
/usr/bin/make -f CMakeFiles/cmTC_f61b0.dir/build.make CMakeFiles/cmTC_f61b0.dir/build
make[1]: Entering directory `/home/joshua/cogimon-meeting/workspace_cogimon/kdl_parser/build/CMakeFiles/CMakeTmp'
Building C object CMakeFiles/cmTC_f61b0.dir/CheckFunctionExists.c.o
/usr/bin/cc    -DCHECK_FUNCTION_EXISTS=pthread_create   -o CMakeFiles/cmTC_f61b0.dir/CheckFunctionExists.c.o   -c /usr/local/share/cmake-3.6/Modules/CheckFunctionExists.c
Linking C executable cmTC_f61b0
/usr/local/bin/cmake -E cmake_link_script CMakeFiles/cmTC_f61b0.dir/link.txt --verbose=1
/usr/bin/cc   -DCHECK_FUNCTION_EXISTS=pthread_create    CMakeFiles/cmTC_f61b0.dir/CheckFunctionExists.c.o  -o cmTC_f61b0 -rdynamic -lpthreads 
/usr/bin/ld: cannot find -lpthreads
collect2: error: ld returned 1 exit status
make[1]: *** [cmTC_f61b0] Error 1
make[1]: Leaving directory `/home/joshua/cogimon-meeting/workspace_cogimon/kdl_parser/build/CMakeFiles/CMakeTmp'
make: *** [cmTC_f61b0/fast] Error 2


